<?xml version="1.0" encoding="UTF-8"?>
<!-- Generated by org.testng.reporters.JUnitReportReporter -->
<testsuite hostname="DESKTOP-U5PV2QM" failures="0" tests="2" name="vaibhav.tests.StandaloneTest" time="9.515" errors="0" timestamp="2024-10-02T17:54:57 EDT" skipped="0">
  <testcase classname="vaibhav.tests.StandaloneTest" name="standaloneTest" time="4.940"/>
  <testcase classname="vaibhav.tests.StandaloneTest" name="standaloneTest" time="4.575"/>
</testsuite> <!-- vaibhav.tests.StandaloneTest -->
