<?xml version="1.0" encoding="UTF-8"?>
<!-- Generated by org.testng.reporters.JUnitReportReporter -->
<testsuite hostname="DESKTOP-U5PV2QM" failures="0" tests="2" name="vaibhav.tests.StandaloneTest" time="9.566" errors="0" timestamp="2024-10-02T17:42:15 EDT" skipped="0">
  <testcase classname="vaibhav.tests.StandaloneTest" name="standaloneTest" time="4.999"/>
  <testcase classname="vaibhav.tests.StandaloneTest" name="standaloneTest" time="4.567"/>
</testsuite> <!-- vaibhav.tests.StandaloneTest -->
