<?xml version="1.0" encoding="UTF-8"?>
<!-- Generated by org.testng.reporters.JUnitReportReporter -->
<testsuite hostname="DESKTOP-U5PV2QM" failures="0" tests="2" name="vaibhav.tests.StandaloneTest" time="3.151" errors="0" timestamp="2024-09-09T17:24:49 EDT" skipped="0">
  <testcase classname="vaibhav.tests.StandaloneTest" name="standaloneTest" time="1.820"/>
  <testcase classname="vaibhav.tests.StandaloneTest" name="standaloneTest" time="1.331"/>
</testsuite> <!-- vaibhav.tests.StandaloneTest -->
