<?xml version="1.0" encoding="UTF-8"?>
<!-- Generated by org.testng.reporters.JUnitReportReporter -->
<testsuite hostname="DESKTOP-U5PV2QM" failures="0" tests="1" name="vaibhav.tests.ErrorValidation" time="1.648" errors="0" timestamp="2024-09-09T17:36:47 EDT" skipped="0">
  <testcase classname="vaibhav.tests.ErrorValidation" name="errorCheck" time="1.648"/>
</testsuite> <!-- vaibhav.tests.ErrorValidation -->
