<?xml version="1.0" encoding="UTF-8"?>
<!-- Generated by org.testng.reporters.JUnitReportReporter -->
<testsuite hostname="DESKTOP-U5PV2QM" failures="0" tests="2" name="vaibhav.tests.StandaloneTest" time="9.565" errors="0" timestamp="2024-10-02T17:33:47 EDT" skipped="0">
  <testcase classname="vaibhav.tests.StandaloneTest" name="standaloneTest" time="4.917"/>
  <testcase classname="vaibhav.tests.StandaloneTest" name="standaloneTest" time="4.648"/>
</testsuite> <!-- vaibhav.tests.StandaloneTest -->
