<?xml version="1.0" encoding="UTF-8"?>
<!-- Generated by org.testng.reporters.JUnitReportReporter -->
<testsuite hostname="DESKTOP-U5PV2QM" failures="0" tests="2" name="vaibhav.tests.StandaloneTest" time="8.943" errors="0" timestamp="2024-09-27T16:02:03 EDT" skipped="0">
  <testcase classname="vaibhav.tests.StandaloneTest" name="standaloneTest" time="4.655"/>
  <testcase classname="vaibhav.tests.StandaloneTest" name="standaloneTest" time="4.288"/>
</testsuite> <!-- vaibhav.tests.StandaloneTest -->
