<?xml version="1.0" encoding="UTF-8"?>
<!-- Generated by org.testng.reporters.JUnitReportReporter -->
<testsuite hostname="DESKTOP-U5PV2QM" failures="0" tests="2" name="vaibhav.tests.StandaloneTest" time="10.492" errors="0" timestamp="2024-09-30T14:00:05 EDT" skipped="0">
  <testcase classname="vaibhav.tests.StandaloneTest" name="standaloneTest" time="5.529"/>
  <testcase classname="vaibhav.tests.StandaloneTest" name="standaloneTest" time="4.963"/>
</testsuite> <!-- vaibhav.tests.StandaloneTest -->
