<?xml version="1.0" encoding="UTF-8"?>
<!-- Generated by org.testng.reporters.JUnitReportReporter -->
<testsuite hostname="DESKTOP-U5PV2QM" failures="0" tests="1" name="vaibhav.tests.ErrorValidation" time="5.137" errors="0" timestamp="2024-09-27T16:01:46 EDT" skipped="0">
  <testcase classname="vaibhav.tests.ErrorValidation" name="errorCheck" time="5.137"/>
</testsuite> <!-- vaibhav.tests.ErrorValidation -->
