<?xml version="1.0" encoding="UTF-8"?>
<!-- Generated by org.testng.reporters.JUnitReportReporter -->
<testsuite hostname="DESKTOP-U5PV2QM" failures="0" tests="2" name="vaibhav.tests.StandaloneTest" time="10.422" errors="0" timestamp="2024-09-25T08:59:42 EDT" skipped="0">
  <testcase classname="vaibhav.tests.StandaloneTest" name="standaloneTest" time="6.005"/>
  <testcase classname="vaibhav.tests.StandaloneTest" name="standaloneTest" time="4.417"/>
</testsuite> <!-- vaibhav.tests.StandaloneTest -->
